[0.013s] Invoking command in '/home/rox/cbot/build/articubot_one': CMAKE_PREFIX_PATH=${CMAKE_PREFIX_PATH}:/opt/ros/humble /usr/bin/cmake /home/rox/cbot/src/articubot_one -DAMENT_CMAKE_SYMLINK_INSTALL=1 -DCMAKE_INSTALL_PREFIX=/home/rox/cbot/install/articubot_one
[0.026s] -- Found ament_cmake: 1.3.11 (/opt/ros/humble/share/ament_cmake/cmake)
[0.162s] -- Override CMake install command with custom implementation using symlinks instead of copying resources
[0.170s] -- Found ament_lint_auto: 0.12.11 (/opt/ros/humble/share/ament_lint_auto/cmake)
[0.257s] -- Added test 'copyright' to check source files copyright and LICENSE
[0.260s] -- Added test 'flake8' to check Python code syntax and style conventions
[0.261s] -- Added test 'lint_cmake' to check CMake code style
[0.262s] -- Added test 'pep257' to check Python code against some of the docstring style conventions in PEP 257
[0.264s] -- Added test 'xmllint' to check XML markup files
[0.266s] -- Configuring done
[0.271s] -- Generating done
[0.274s] -- Build files have been written to: /home/rox/cbot/build/articubot_one
[0.278s] Invoked command in '/home/rox/cbot/build/articubot_one' returned '0': CMAKE_PREFIX_PATH=${CMAKE_PREFIX_PATH}:/opt/ros/humble /usr/bin/cmake /home/rox/cbot/src/articubot_one -DAMENT_CMAKE_SYMLINK_INSTALL=1 -DCMAKE_INSTALL_PREFIX=/home/rox/cbot/install/articubot_one
[0.280s] Invoking command in '/home/rox/cbot/build/articubot_one': CMAKE_PREFIX_PATH=${CMAKE_PREFIX_PATH}:/opt/ros/humble /usr/bin/cmake --build /home/rox/cbot/build/articubot_one -- -j4 -l4
[0.323s] Invoked command in '/home/rox/cbot/build/articubot_one' returned '0': CMAKE_PREFIX_PATH=${CMAKE_PREFIX_PATH}:/opt/ros/humble /usr/bin/cmake --build /home/rox/cbot/build/articubot_one -- -j4 -l4
[0.337s] Invoking command in '/home/rox/cbot/build/articubot_one': CMAKE_PREFIX_PATH=${CMAKE_PREFIX_PATH}:/opt/ros/humble /usr/bin/cmake --install /home/rox/cbot/build/articubot_one
[0.344s] -- Install configuration: ""
[0.345s] -- Execute custom install script
[0.345s] -- Symlinking: /home/rox/cbot/install/articubot_one/share/articubot_one/config/drive_config.rviz
[0.355s] -- Symlinking: /home/rox/cbot/install/articubot_one/share/articubot_one/config/empty.yaml
[0.364s] -- Symlinking: /home/rox/cbot/install/articubot_one/share/articubot_one/config/view_bot.rviz
[0.373s] -- Symlinking: /home/rox/cbot/install/articubot_one/share/articubot_one/description/gazebo_control.xacro
[0.382s] -- Symlinking: /home/rox/cbot/install/articubot_one/share/articubot_one/description/inertial_macros.xacro
[0.391s] -- Symlinking: /home/rox/cbot/install/articubot_one/share/articubot_one/description/robot.urdf.xacro
[0.400s] -- Symlinking: /home/rox/cbot/install/articubot_one/share/articubot_one/description/robot_core.xacro
[0.409s] -- Symlinking: /home/rox/cbot/install/articubot_one/share/articubot_one/launch/launch_sim.launch.py
[0.419s] -- Symlinking: /home/rox/cbot/install/articubot_one/share/articubot_one/launch/rsp.launch.py
[0.428s] -- Symlinking: /home/rox/cbot/install/articubot_one/share/articubot_one/worlds/empty.world
[0.439s] -- Symlinking: /home/rox/cbot/install/articubot_one/share/ament_index/resource_index/package_run_dependencies/articubot_one
[0.448s] -- Symlinking: /home/rox/cbot/install/articubot_one/share/ament_index/resource_index/parent_prefix_path/articubot_one
[0.458s] -- Symlinking: /home/rox/cbot/install/articubot_one/share/articubot_one/environment/ament_prefix_path.sh
[0.467s] -- Symlinking: /home/rox/cbot/install/articubot_one/share/articubot_one/environment/ament_prefix_path.dsv
[0.477s] -- Symlinking: /home/rox/cbot/install/articubot_one/share/articubot_one/environment/path.sh
[0.486s] -- Symlinking: /home/rox/cbot/install/articubot_one/share/articubot_one/environment/path.dsv
[0.495s] -- Symlinking: /home/rox/cbot/install/articubot_one/share/articubot_one/local_setup.bash
[0.504s] -- Symlinking: /home/rox/cbot/install/articubot_one/share/articubot_one/local_setup.sh
[0.514s] -- Symlinking: /home/rox/cbot/install/articubot_one/share/articubot_one/local_setup.zsh
[0.523s] -- Symlinking: /home/rox/cbot/install/articubot_one/share/articubot_one/local_setup.dsv
[0.534s] -- Symlinking: /home/rox/cbot/install/articubot_one/share/articubot_one/package.dsv
[0.543s] -- Symlinking: /home/rox/cbot/install/articubot_one/share/ament_index/resource_index/packages/articubot_one
[0.552s] -- Symlinking: /home/rox/cbot/install/articubot_one/share/articubot_one/cmake/articubot_oneConfig.cmake
[0.561s] -- Symlinking: /home/rox/cbot/install/articubot_one/share/articubot_one/cmake/articubot_oneConfig-version.cmake
[0.570s] -- Symlinking: /home/rox/cbot/install/articubot_one/share/articubot_one/package.xml
[0.581s] Invoked command in '/home/rox/cbot/build/articubot_one' returned '0': CMAKE_PREFIX_PATH=${CMAKE_PREFIX_PATH}:/opt/ros/humble /usr/bin/cmake --install /home/rox/cbot/build/articubot_one
