[0.024s] Invoking command in '/home/rox/cbot/build/articubot_one': CMAKE_PREFIX_PATH=${CMAKE_PREFIX_PATH}:/home/rox/cbot/install/joy_tester:/opt/ros/humble /usr/bin/cmake /home/rox/cbot/src/articubot_one -DCMAKE_INSTALL_PREFIX=/home/rox/cbot/install/articubot_one
[0.043s] -- Found ament_cmake: 1.3.11 (/opt/ros/humble/share/ament_cmake/cmake)
[0.198s] -- Override CMake install command with custom implementation using symlinks instead of copying resources
[0.209s] -- Found ament_lint_auto: 0.12.11 (/opt/ros/humble/share/ament_lint_auto/cmake)
[0.314s] -- Added test 'copyright' to check source files copyright and LICENSE
[0.319s] -- Added test 'flake8' to check Python code syntax and style conventions
[0.319s] -- Added test 'lint_cmake' to check CMake code style
[0.321s] -- Added test 'pep257' to check Python code against some of the docstring style conventions in PEP 257
[0.325s] -- Added test 'xmllint' to check XML markup files
[0.329s] -- Configuring done
[0.334s] -- Generating done
[0.338s] -- Build files have been written to: /home/rox/cbot/build/articubot_one
[0.397s] Invoked command in '/home/rox/cbot/build/articubot_one' returned '0': CMAKE_PREFIX_PATH=${CMAKE_PREFIX_PATH}:/home/rox/cbot/install/joy_tester:/opt/ros/humble /usr/bin/cmake /home/rox/cbot/src/articubot_one -DCMAKE_INSTALL_PREFIX=/home/rox/cbot/install/articubot_one
[0.398s] Invoking command in '/home/rox/cbot/build/articubot_one': CMAKE_PREFIX_PATH=${CMAKE_PREFIX_PATH}:/home/rox/cbot/install/joy_tester:/opt/ros/humble /usr/bin/cmake --build /home/rox/cbot/build/articubot_one -- -j4 -l4
[0.445s] Invoked command in '/home/rox/cbot/build/articubot_one' returned '0': CMAKE_PREFIX_PATH=${CMAKE_PREFIX_PATH}:/home/rox/cbot/install/joy_tester:/opt/ros/humble /usr/bin/cmake --build /home/rox/cbot/build/articubot_one -- -j4 -l4
[0.457s] Invoking command in '/home/rox/cbot/build/articubot_one': CMAKE_PREFIX_PATH=${CMAKE_PREFIX_PATH}:/home/rox/cbot/install/joy_tester:/opt/ros/humble /usr/bin/cmake --install /home/rox/cbot/build/articubot_one
[0.464s] -- Install configuration: ""
[0.465s] -- Execute custom install script
[0.466s] -- Up-to-date symlink: /home/rox/cbot/install/articubot_one/share/articubot_one/config/drive_config.rviz
[0.466s] -- Up-to-date symlink: /home/rox/cbot/install/articubot_one/share/articubot_one/config/empty.yaml
[0.466s] -- Up-to-date symlink: /home/rox/cbot/install/articubot_one/share/articubot_one/config/gazebo_params.yaml
[0.466s] -- Symlinking: /home/rox/cbot/install/articubot_one/share/articubot_one/config/joystick.yaml
[0.476s] -- Up-to-date symlink: /home/rox/cbot/install/articubot_one/share/articubot_one/config/my_controllers.yaml
[0.476s] -- Up-to-date symlink: /home/rox/cbot/install/articubot_one/share/articubot_one/config/view_bot.rviz
[0.477s] -- Up-to-date symlink: /home/rox/cbot/install/articubot_one/share/articubot_one/description/camera.xacro
[0.477s] -- Up-to-date symlink: /home/rox/cbot/install/articubot_one/share/articubot_one/description/gazebo_control.xacro
[0.477s] -- Up-to-date symlink: /home/rox/cbot/install/articubot_one/share/articubot_one/description/inertial_macros.xacro
[0.477s] -- Up-to-date symlink: /home/rox/cbot/install/articubot_one/share/articubot_one/description/lidar.xacro
[0.478s] -- Up-to-date symlink: /home/rox/cbot/install/articubot_one/share/articubot_one/description/robot.urdf.xacro
[0.478s] -- Up-to-date symlink: /home/rox/cbot/install/articubot_one/share/articubot_one/description/robot_core.xacro
[0.478s] -- Up-to-date symlink: /home/rox/cbot/install/articubot_one/share/articubot_one/description/ros2_control.xacro
[0.479s] -- Symlinking: /home/rox/cbot/install/articubot_one/share/articubot_one/launch/joystick.launch.py
[0.489s] -- Up-to-date symlink: /home/rox/cbot/install/articubot_one/share/articubot_one/launch/launch_sim.launch.py
[0.489s] -- Up-to-date symlink: /home/rox/cbot/install/articubot_one/share/articubot_one/launch/rplidar.launch.py
[0.489s] -- Up-to-date symlink: /home/rox/cbot/install/articubot_one/share/articubot_one/launch/rsp.launch.py
[0.490s] -- Up-to-date symlink: /home/rox/cbot/install/articubot_one/share/articubot_one/worlds/empty.world
[0.490s] -- Up-to-date symlink: /home/rox/cbot/install/articubot_one/share/articubot_one/worlds/obstacles.world
[0.490s] -- Up-to-date symlink: /home/rox/cbot/install/articubot_one/share/ament_index/resource_index/package_run_dependencies/articubot_one
[0.490s] -- Up-to-date symlink: /home/rox/cbot/install/articubot_one/share/ament_index/resource_index/parent_prefix_path/articubot_one
[0.491s] -- Up-to-date symlink: /home/rox/cbot/install/articubot_one/share/articubot_one/environment/ament_prefix_path.sh
[0.491s] -- Up-to-date symlink: /home/rox/cbot/install/articubot_one/share/articubot_one/environment/ament_prefix_path.dsv
[0.491s] -- Up-to-date symlink: /home/rox/cbot/install/articubot_one/share/articubot_one/environment/path.sh
[0.492s] -- Up-to-date symlink: /home/rox/cbot/install/articubot_one/share/articubot_one/environment/path.dsv
[0.492s] -- Up-to-date symlink: /home/rox/cbot/install/articubot_one/share/articubot_one/local_setup.bash
[0.492s] -- Up-to-date symlink: /home/rox/cbot/install/articubot_one/share/articubot_one/local_setup.sh
[0.492s] -- Up-to-date symlink: /home/rox/cbot/install/articubot_one/share/articubot_one/local_setup.zsh
[0.493s] -- Up-to-date symlink: /home/rox/cbot/install/articubot_one/share/articubot_one/local_setup.dsv
[0.493s] -- Symlinking: /home/rox/cbot/install/articubot_one/share/articubot_one/package.dsv
[0.503s] -- Up-to-date symlink: /home/rox/cbot/install/articubot_one/share/ament_index/resource_index/packages/articubot_one
[0.504s] -- Up-to-date symlink: /home/rox/cbot/install/articubot_one/share/articubot_one/cmake/articubot_oneConfig.cmake
[0.504s] -- Up-to-date symlink: /home/rox/cbot/install/articubot_one/share/articubot_one/cmake/articubot_oneConfig-version.cmake
[0.504s] -- Up-to-date symlink: /home/rox/cbot/install/articubot_one/share/articubot_one/package.xml
[0.506s] Invoked command in '/home/rox/cbot/build/articubot_one' returned '0': CMAKE_PREFIX_PATH=${CMAKE_PREFIX_PATH}:/home/rox/cbot/install/joy_tester:/opt/ros/humble /usr/bin/cmake --install /home/rox/cbot/build/articubot_one
