[0.013s] Invoking command in '/home/rox/cbot/build/articubot_one': CMAKE_PREFIX_PATH=/opt/ros/humble /usr/bin/cmake --build /home/rox/cbot/build/articubot_one -- -j4 -l4
[0.053s] Invoked command in '/home/rox/cbot/build/articubot_one' returned '0': CMAKE_PREFIX_PATH=/opt/ros/humble /usr/bin/cmake --build /home/rox/cbot/build/articubot_one -- -j4 -l4
[0.064s] Invoking command in '/home/rox/cbot/build/articubot_one': CMAKE_PREFIX_PATH=/opt/ros/humble /usr/bin/cmake --install /home/rox/cbot/build/articubot_one
[0.072s] -- Install configuration: ""
[0.072s] -- Up-to-date: /home/rox/cbot/install/articubot_one/share/ament_index/resource_index/package_run_dependencies/articubot_one
[0.072s] -- Up-to-date: /home/rox/cbot/install/articubot_one/share/ament_index/resource_index/parent_prefix_path/articubot_one
[0.073s] -- Up-to-date: /home/rox/cbot/install/articubot_one/share/articubot_one/environment/ament_prefix_path.sh
[0.073s] -- Up-to-date: /home/rox/cbot/install/articubot_one/share/articubot_one/environment/ament_prefix_path.dsv
[0.073s] -- Up-to-date: /home/rox/cbot/install/articubot_one/share/articubot_one/environment/path.sh
[0.073s] -- Up-to-date: /home/rox/cbot/install/articubot_one/share/articubot_one/environment/path.dsv
[0.073s] -- Up-to-date: /home/rox/cbot/install/articubot_one/share/articubot_one/local_setup.bash
[0.073s] -- Up-to-date: /home/rox/cbot/install/articubot_one/share/articubot_one/local_setup.sh
[0.073s] -- Up-to-date: /home/rox/cbot/install/articubot_one/share/articubot_one/local_setup.zsh
[0.073s] -- Up-to-date: /home/rox/cbot/install/articubot_one/share/articubot_one/local_setup.dsv
[0.073s] -- Up-to-date: /home/rox/cbot/install/articubot_one/share/articubot_one/package.dsv
[0.073s] -- Up-to-date: /home/rox/cbot/install/articubot_one/share/ament_index/resource_index/packages/articubot_one
[0.074s] -- Up-to-date: /home/rox/cbot/install/articubot_one/share/articubot_one/cmake/articubot_oneConfig.cmake
[0.074s] -- Up-to-date: /home/rox/cbot/install/articubot_one/share/articubot_one/cmake/articubot_oneConfig-version.cmake
[0.074s] -- Installing: /home/rox/cbot/install/articubot_one/share/articubot_one/package.xml
[0.075s] Invoked command in '/home/rox/cbot/build/articubot_one' returned '0': CMAKE_PREFIX_PATH=/opt/ros/humble /usr/bin/cmake --install /home/rox/cbot/build/articubot_one
