[0.012s] Invoking command in '/home/rox/cbot/build/articubot_one': CMAKE_PREFIX_PATH=/opt/ros/humble /usr/bin/cmake /home/rox/cbot/src/articubot_one -DCMAKE_INSTALL_PREFIX=/home/rox/cbot/install/articubot_one
[0.069s] -- The C compiler identification is GNU 11.4.0
[0.132s] -- The CXX compiler identification is GNU 11.4.0
[0.140s] -- Detecting C compiler ABI info
[0.213s] -- Detecting C compiler ABI info - done
[0.222s] -- Check for working C compiler: /usr/bin/cc - skipped
[0.222s] -- Detecting C compile features
[0.223s] -- Detecting C compile features - done
[0.227s] -- Detecting CXX compiler ABI info
[0.310s] -- Detecting CXX compiler ABI info - done
[0.319s] -- Check for working CXX compiler: /usr/bin/c++ - skipped
[0.319s] -- Detecting CXX compile features
[0.320s] -- Detecting CXX compile features - done
[0.322s] -- Found ament_cmake: 1.3.11 (/opt/ros/humble/share/ament_cmake/cmake)
[0.489s] -- Found Python3: /usr/bin/python3 (found version "3.10.12") found components: Interpreter 
[0.583s] -- Found ament_lint_auto: 0.12.11 (/opt/ros/humble/share/ament_lint_auto/cmake)
[0.671s] -- Added test 'lint_cmake' to check CMake code style
[0.672s] -- Added test 'xmllint' to check XML markup files
[0.674s] -- Configuring done
[0.679s] -- Generating done
[0.682s] -- Build files have been written to: /home/rox/cbot/build/articubot_one
[0.689s] Invoked command in '/home/rox/cbot/build/articubot_one' returned '0': CMAKE_PREFIX_PATH=/opt/ros/humble /usr/bin/cmake /home/rox/cbot/src/articubot_one -DCMAKE_INSTALL_PREFIX=/home/rox/cbot/install/articubot_one
[0.692s] Invoking command in '/home/rox/cbot/build/articubot_one': CMAKE_PREFIX_PATH=/opt/ros/humble /usr/bin/cmake --build /home/rox/cbot/build/articubot_one -- -j4 -l4
[0.734s] Invoked command in '/home/rox/cbot/build/articubot_one' returned '0': CMAKE_PREFIX_PATH=/opt/ros/humble /usr/bin/cmake --build /home/rox/cbot/build/articubot_one -- -j4 -l4
[0.745s] Invoking command in '/home/rox/cbot/build/articubot_one': CMAKE_PREFIX_PATH=/opt/ros/humble /usr/bin/cmake --install /home/rox/cbot/build/articubot_one
[0.753s] -- Install configuration: ""
[0.753s] -- Installing: /home/rox/cbot/install/articubot_one/share/ament_index/resource_index/package_run_dependencies/articubot_one
[0.753s] -- Installing: /home/rox/cbot/install/articubot_one/share/ament_index/resource_index/parent_prefix_path/articubot_one
[0.754s] -- Installing: /home/rox/cbot/install/articubot_one/share/articubot_one/environment/ament_prefix_path.sh
[0.754s] -- Installing: /home/rox/cbot/install/articubot_one/share/articubot_one/environment/ament_prefix_path.dsv
[0.754s] -- Installing: /home/rox/cbot/install/articubot_one/share/articubot_one/environment/path.sh
[0.754s] -- Installing: /home/rox/cbot/install/articubot_one/share/articubot_one/environment/path.dsv
[0.755s] -- Installing: /home/rox/cbot/install/articubot_one/share/articubot_one/local_setup.bash
[0.755s] -- Installing: /home/rox/cbot/install/articubot_one/share/articubot_one/local_setup.sh
[0.755s] -- Installing: /home/rox/cbot/install/articubot_one/share/articubot_one/local_setup.zsh
[0.755s] -- Installing: /home/rox/cbot/install/articubot_one/share/articubot_one/local_setup.dsv
[0.756s] -- Installing: /home/rox/cbot/install/articubot_one/share/articubot_one/package.dsv
[0.756s] -- Installing: /home/rox/cbot/install/articubot_one/share/ament_index/resource_index/packages/articubot_one
[0.756s] -- Installing: /home/rox/cbot/install/articubot_one/share/articubot_one/cmake/articubot_oneConfig.cmake
[0.756s] -- Installing: /home/rox/cbot/install/articubot_one/share/articubot_one/cmake/articubot_oneConfig-version.cmake
[0.757s] -- Installing: /home/rox/cbot/install/articubot_one/share/articubot_one/package.xml
[0.759s] Invoked command in '/home/rox/cbot/build/articubot_one' returned '0': CMAKE_PREFIX_PATH=/opt/ros/humble /usr/bin/cmake --install /home/rox/cbot/build/articubot_one
